<?xml version="1.0" encoding="UTF-8"?>
<!-- Generated by org.testng.reporters.JUnitXMLReporter -->
<testsuite ignored="0" hostname="DESKTOP-1SSOFLA" failures="1" tests="4" name="Flight Network_Airline filter test" time="27.073" errors="0" timestamp="2024-04-23T08:35:55 IST">
  <testcase classname="SearchFilters.Airline_Filters" name="testCase07" time="20.066"/>
  <testcase classname="SearchFilters.Airline_Filters" name="testCase08" time="2.911"/>
  <testcase classname="SearchFilters.Airline_Filters" name="testCase09" time="1.339">
    <failure type="java.lang.AssertionError" message="Airline filter did not work. Search results are available although no airline is selected. expected:&amp;lt;0&amp;gt; but was:&amp;lt;10&amp;gt;">
      <![CDATA[java.lang.AssertionError: Airline filter did not work. Search results are available although no airline is selected. expected:<0> but was:<10>
at org.junit.Assert.fail(Assert.java:88)
at org.junit.Assert.failNotEquals(Assert.java:743)
at org.junit.Assert.assertEquals(Assert.java:118)
at org.junit.Assert.assertEquals(Assert.java:555)
at SearchFilters.Airline_Filters.testCase09(Airline_Filters.java:107)
at java.base/java.util.ArrayList.forEach(ArrayList.java:1596)
... Removed 25 stack frames]]>
    </failure>
  </testcase> <!-- testCase09 -->
  <testcase classname="SearchFilters.Airline_Filters" name="testCase10" time="1.743"/>
</testsuite> <!-- Flight Network_Airline filter test -->
