<?xml version="1.0" encoding="UTF-8"?>
<!-- Generated by org.testng.reporters.JUnitXMLReporter -->
<testsuite ignored="0" hostname="DESKTOP-1SSOFLA" failures="1" tests="2" name="Test" time="27.029" errors="0" timestamp="2024-04-22T21:31:20 IST">
  <testcase classname="SearchFilters.Airline_Filters" name="testCase01" time="26.94"/>
  <testcase classname="SearchFilters.Airline_Filters" name="testCase01" time="26.964">
    <failure type="java.lang.NullPointerException" message="Cannot invoke &amp;quot;org.openqa.selenium.TakesScreenshot.getScreenshotAs(org.openqa.selenium.OutputType)&amp;quot; because &amp;quot;this.driver&amp;quot; is null">
      <![CDATA[java.lang.NullPointerException: Cannot invoke "org.openqa.selenium.TakesScreenshot.getScreenshotAs(org.openqa.selenium.OutputType)" because "this.driver" is null
at Utilities.Listeners.screenCapture(Listeners.java:74)
at Utilities.Listeners.onTestSuccess(Listeners.java:50)
at java.base/java.util.ArrayList.forEach(ArrayList.java:1596)
... Removed 24 stack frames]]>
    </failure>
  </testcase> <!-- testCase01 -->
</testsuite> <!-- Test -->
